<?xml version="1.0" encoding="UTF-8"?>
<!-- Generated by org.testng.reporters.JUnitReportReporter -->
<testsuite hostname="DESKTOP-OB2V9RH" name="TestCases.TestCase7" tests="1" failures="0" timestamp="16 May 2021 14:04:26 GMT" time="3.363" errors="0">
  <testcase name="highlighterXpath" time="3.363" classname="TestCases.TestCase7"/>
</testsuite> <!-- TestCases.TestCase7 -->
